{"C:\\Users\\BENTOLU\\.vscode\\DartsLiveBookin\\DartsLiveBookin\\src\\core\\availability-engine\\availability-engine.ts": {"path":"C:\\Users\\BENTOLU\\.vscode\\DartsLiveBookin\\DartsLiveBookin\\src\\core\\availability-engine\\availability-engine.ts","statementMap":{"0":{"start":{"line":37,"column":8},"end":{"line":53,"column":null}},"1":{"start":{"line":41,"column":16},"end":{"line":51,"column":null}},"2":{"start":{"line":57,"column":4},"end":{"line":61,"column":null}},"3":{"start":{"line":59,"column":8},"end":{"line":59,"column":null}},"4":{"start":{"line":63,"column":4},"end":{"line":71,"column":null}}},"fnMap":{"0":{"name":"buildAvailability","decl":{"start":{"line":27,"column":16},"end":{"line":27,"column":null}},"loc":{"start":{"line":31,"column":19},"end":{"line":73,"column":null}},"line":31},"1":{"name":"isClosed","decl":{"start":{"line":33,"column":13},"end":{"line":33,"column":null}},"loc":{"start":{"line":35,"column":15},"end":{"line":55,"column":null}},"line":35},"2":{"name":"(anonymous_2)","decl":{"start":{"line":37,"column":30},"end":{"line":37,"column":null}},"loc":{"start":{"line":41,"column":16},"end":{"line":51,"column":null}},"line":41}},"branchMap":{"0":{"loc":{"start":{"line":41,"column":16},"end":{"line":51,"column":null}},"type":"binary-expr","locations":[{"start":{"line":41,"column":16},"end":{"line":41,"column":null}},{"start":{"line":43,"column":16},"end":{"line":51,"column":null}}],"line":41},"1":{"loc":{"start":{"line":57,"column":4},"end":{"line":61,"column":null}},"type":"if","locations":[{"start":{"line":57,"column":4},"end":{"line":61,"column":null}},{"start":{},"end":{}}],"line":57}},"s":{"0":2,"1":1,"2":2,"3":1,"4":1},"f":{"0":2,"1":2,"2":1},"b":{"0":[1,1],"1":[1,1]},"meta":{"lastBranch":2,"lastFunction":3,"lastStatement":5,"seen":{"f:27:16:27:Infinity":0,"f:33:13:33:Infinity":1,"s:37:8:53:Infinity":0,"f:37:30:37:Infinity":2,"s:41:16:51:Infinity":1,"b:41:16:41:Infinity:43:16:51:Infinity":0,"b:57:4:61:Infinity:undefined:undefined:undefined:undefined":1,"s:57:4:61:Infinity":2,"s:59:8:59:Infinity":3,"s:63:4:71:Infinity":4},"fnNames":{}}}
,"C:\\Users\\BENTOLU\\.vscode\\DartsLiveBookin\\DartsLiveBookin\\src\\core\\availability-engine\\index.ts": {"path":"C:\\Users\\BENTOLU\\.vscode\\DartsLiveBookin\\DartsLiveBookin\\src\\core\\availability-engine\\index.ts","statementMap":{},"fnMap":{},"branchMap":{},"s":{},"f":{},"b":{},"meta":{"lastBranch":0,"lastFunction":0,"lastStatement":0,"seen":{},"fnNames":{}}}
,"C:\\Users\\BENTOLU\\.vscode\\DartsLiveBookin\\DartsLiveBookin\\src\\core\\availability-engine\\model\\availability-closure.ts": {"path":"C:\\Users\\BENTOLU\\.vscode\\DartsLiveBookin\\DartsLiveBookin\\src\\core\\availability-engine\\model\\availability-closure.ts","statementMap":{},"fnMap":{},"branchMap":{},"s":{},"f":{},"b":{},"meta":{"lastBranch":0,"lastFunction":0,"lastStatement":0,"seen":{},"fnNames":{}}}
,"C:\\Users\\BENTOLU\\.vscode\\DartsLiveBookin\\DartsLiveBookin\\src\\core\\booking-engine\\booking-engine.ts": {"path":"C:\\Users\\BENTOLU\\.vscode\\DartsLiveBookin\\DartsLiveBookin\\src\\core\\booking-engine\\booking-engine.ts","statementMap":{"0":{"start":{"line":26,"column":4},"end":{"line":48,"column":null}},"1":{"start":{"line":28,"column":21},"end":{"line":32,"column":null}},"2":{"start":{"line":30,"column":20},"end":{"line":30,"column":null}},"3":{"start":{"line":34,"column":8},"end":{"line":46,"column":null}},"4":{"start":{"line":36,"column":12},"end":{"line":44,"column":null}},"5":{"start":{"line":50,"column":4},"end":{"line":50,"column":null}}},"fnMap":{"0":{"name":"findBestSlot","decl":{"start":{"line":20,"column":16},"end":{"line":20,"column":null}},"loc":{"start":{"line":24,"column":28},"end":{"line":52,"column":null}},"line":24},"1":{"name":"(anonymous_1)","decl":{"start":{"line":28,"column":33},"end":{"line":28,"column":null}},"loc":{"start":{"line":30,"column":20},"end":{"line":30,"column":null}},"line":30}},"branchMap":{"0":{"loc":{"start":{"line":34,"column":8},"end":{"line":46,"column":null}},"type":"if","locations":[{"start":{"line":34,"column":8},"end":{"line":46,"column":null}},{"start":{},"end":{}}],"line":34}},"s":{"0":5,"1":5,"2":6,"3":5,"4":3,"5":2},"f":{"0":5,"1":6},"b":{"0":[3,2]},"meta":{"lastBranch":1,"lastFunction":2,"lastStatement":6,"seen":{"f:20:16:20:Infinity":0,"s:26:4:48:Infinity":0,"s:28:21:32:Infinity":1,"f:28:33:28:Infinity":1,"s:30:20:30:Infinity":2,"b:34:8:46:Infinity:undefined:undefined:undefined:undefined":0,"s:34:8:46:Infinity":3,"s:36:12:44:Infinity":4,"s:50:4:50:Infinity":5},"fnNames":{}}}
,"C:\\Users\\BENTOLU\\.vscode\\DartsLiveBookin\\DartsLiveBookin\\src\\core\\booking-engine\\index.ts": {"path":"C:\\Users\\BENTOLU\\.vscode\\DartsLiveBookin\\DartsLiveBookin\\src\\core\\booking-engine\\index.ts","statementMap":{},"fnMap":{},"branchMap":{},"s":{},"f":{},"b":{},"meta":{"lastBranch":0,"lastFunction":0,"lastStatement":0,"seen":{},"fnNames":{}}}
,"C:\\Users\\BENTOLU\\.vscode\\DartsLiveBookin\\DartsLiveBookin\\src\\core\\common\\date.ts": {"path":"C:\\Users\\BENTOLU\\.vscode\\DartsLiveBookin\\DartsLiveBookin\\src\\core\\common\\date.ts","statementMap":{"0":{"start":{"line":11,"column":10},"end":{"line":19,"column":null}},"1":{"start":{"line":13,"column":8},"end":{"line":19,"column":null}},"2":{"start":{"line":21,"column":19},"end":{"line":21,"column":null}},"3":{"start":{"line":23,"column":4},"end":{"line":29,"column":null}}},"fnMap":{"0":{"name":"isDateBetween","decl":{"start":{"line":1,"column":16},"end":{"line":1,"column":null}},"loc":{"start":{"line":9,"column":11},"end":{"line":33,"column":null}},"line":9},"1":{"name":"(anonymous_1)","decl":{"start":{"line":11,"column":10},"end":{"line":11,"column":23}},"loc":{"start":{"line":13,"column":8},"end":{"line":19,"column":null}},"line":13}},"branchMap":{"0":{"loc":{"start":{"line":25,"column":8},"end":{"line":29,"column":null}},"type":"binary-expr","locations":[{"start":{"line":25,"column":8},"end":{"line":25,"column":null}},{"start":{"line":29,"column":8},"end":{"line":29,"column":null}}],"line":25}},"s":{"0":1,"1":3,"2":1,"3":1},"f":{"0":1,"1":3},"b":{"0":[1,1]},"meta":{"lastBranch":1,"lastFunction":2,"lastStatement":4,"seen":{"f:1:16:1:Infinity":0,"s:11:10:19:Infinity":0,"f:11:10:11:23":1,"s:13:8:19:Infinity":1,"s:21:19:21:Infinity":2,"s:23:4:29:Infinity":3,"b:25:8:25:Infinity:29:8:29:Infinity":0},"fnNames":{}}}
,"C:\\Users\\BENTOLU\\.vscode\\DartsLiveBookin\\DartsLiveBookin\\src\\core\\common\\time.ts": {"path":"C:\\Users\\BENTOLU\\.vscode\\DartsLiveBookin\\DartsLiveBookin\\src\\core\\common\\time.ts","statementMap":{"0":{"start":{"line":8,"column":8},"end":{"line":8,"column":null}},"1":{"start":{"line":10,"column":4},"end":{"line":10,"column":null}},"2":{"start":{"line":18,"column":28},"end":{"line":18,"column":null}},"3":{"start":{"line":20,"column":10},"end":{"line":22,"column":null}},"4":{"start":{"line":25,"column":8},"end":{"line":25,"column":null}},"5":{"start":{"line":28,"column":8},"end":{"line":28,"column":null}},"6":{"start":{"line":30,"column":4},"end":{"line":34,"column":null}},"7":{"start":{"line":43,"column":4},"end":{"line":45,"column":null}}},"fnMap":{"0":{"name":"toMinutes","decl":{"start":{"line":1,"column":16},"end":{"line":1,"column":null}},"loc":{"start":{"line":3,"column":10},"end":{"line":12,"column":null}},"line":3},"1":{"name":"toTime","decl":{"start":{"line":14,"column":16},"end":{"line":14,"column":null}},"loc":{"start":{"line":16,"column":10},"end":{"line":36,"column":null}},"line":16},"2":{"name":"addMinutes","decl":{"start":{"line":38,"column":16},"end":{"line":38,"column":null}},"loc":{"start":{"line":41,"column":10},"end":{"line":47,"column":null}},"line":41}},"branchMap":{},"s":{"0":31,"1":31,"2":113,"3":113,"4":113,"5":113,"6":113,"7":6},"f":{"0":31,"1":113,"2":6},"b":{},"meta":{"lastBranch":0,"lastFunction":3,"lastStatement":8,"seen":{"f:1:16:1:Infinity":0,"s:8:8:8:Infinity":0,"s:10:4:10:Infinity":1,"f:14:16:14:Infinity":1,"s:18:28:18:Infinity":2,"s:20:10:22:Infinity":3,"s:25:8:25:Infinity":4,"s:28:8:28:Infinity":5,"s:30:4:34:Infinity":6,"f:38:16:38:Infinity":2,"s:43:4:45:Infinity":7},"fnNames":{}}}
,"C:\\Users\\BENTOLU\\.vscode\\DartsLiveBookin\\DartsLiveBookin\\src\\core\\planning-mapper\\index.ts": {"path":"C:\\Users\\BENTOLU\\.vscode\\DartsLiveBookin\\DartsLiveBookin\\src\\core\\planning-mapper\\index.ts","statementMap":{},"fnMap":{},"branchMap":{},"s":{},"f":{},"b":{},"meta":{"lastBranch":0,"lastFunction":0,"lastStatement":0,"seen":{},"fnNames":{}}}
,"C:\\Users\\BENTOLU\\.vscode\\DartsLiveBookin\\DartsLiveBookin\\src\\core\\planning-mapper\\planning-mapper.ts": {"path":"C:\\Users\\BENTOLU\\.vscode\\DartsLiveBookin\\DartsLiveBookin\\src\\core\\planning-mapper\\planning-mapper.ts","statementMap":{"0":{"start":{"line":31,"column":21},"end":{"line":31,"column":null}},"1":{"start":{"line":33,"column":4},"end":{"line":85,"column":null}},"2":{"start":{"line":35,"column":8},"end":{"line":83,"column":null}},"3":{"start":{"line":38,"column":16},"end":{"line":38,"column":null}},"4":{"start":{"line":41,"column":16},"end":{"line":41,"column":null}},"5":{"start":{"line":43,"column":12},"end":{"line":62,"column":null}},"6":{"start":{"line":45,"column":16},"end":{"line":55,"column":null}},"7":{"start":{"line":57,"column":16},"end":{"line":60,"column":null}},"8":{"start":{"line":64,"column":41},"end":{"line":77,"column":null}},"9":{"start":{"line":79,"column":12},"end":{"line":81,"column":null}},"10":{"start":{"line":87,"column":4},"end":{"line":103,"column":null}}},"fnMap":{"0":{"name":"mapPlanning","decl":{"start":{"line":21,"column":16},"end":{"line":21,"column":28}},"loc":{"start":{"line":29,"column":39},"end":{"line":105,"column":null}},"line":29}},"branchMap":{"0":{"loc":{"start":{"line":43,"column":12},"end":{"line":62,"column":null}},"type":"if","locations":[{"start":{"line":43,"column":12},"end":{"line":62,"column":null}},{"start":{},"end":{}}],"line":43},"1":{"loc":{"start":{"line":71,"column":20},"end":{"line":75,"column":null}},"type":"cond-expr","locations":[{"start":{"line":73,"column":26},"end":{"line":73,"column":null}},{"start":{"line":75,"column":26},"end":{"line":75,"column":null}}],"line":71}},"s":{"0":1,"1":1,"2":2,"3":3,"4":3,"5":3,"6":2,"7":2,"8":3,"9":3,"10":1},"f":{"0":1},"b":{"0":[2,1],"1":[1,2]},"meta":{"lastBranch":2,"lastFunction":1,"lastStatement":11,"seen":{"f:21:16:21:28":0,"s:31:21:31:Infinity":0,"s:33:4:85:Infinity":1,"s:35:8:83:Infinity":2,"s:38:16:38:Infinity":3,"s:41:16:41:Infinity":4,"b:43:12:62:Infinity:undefined:undefined:undefined:undefined":0,"s:43:12:62:Infinity":5,"s:45:16:55:Infinity":6,"s:57:16:60:Infinity":7,"s:64:41:77:Infinity":8,"b:73:26:73:Infinity:75:26:75:Infinity":1,"s:79:12:81:Infinity":9,"s:87:4:103:Infinity":10},"fnNames":{}}}
,"C:\\Users\\BENTOLU\\.vscode\\DartsLiveBookin\\DartsLiveBookin\\src\\core\\reservation-engine\\index.ts": {"path":"C:\\Users\\BENTOLU\\.vscode\\DartsLiveBookin\\DartsLiveBookin\\src\\core\\reservation-engine\\index.ts","statementMap":{},"fnMap":{},"branchMap":{},"s":{},"f":{},"b":{},"meta":{"lastBranch":0,"lastFunction":0,"lastStatement":0,"seen":{},"fnNames":{}}}
,"C:\\Users\\BENTOLU\\.vscode\\DartsLiveBookin\\DartsLiveBookin\\src\\core\\reservation-engine\\planning-builder.ts": {"path":"C:\\Users\\BENTOLU\\.vscode\\DartsLiveBookin\\DartsLiveBookin\\src\\core\\reservation-engine\\planning-builder.ts","statementMap":{"0":{"start":{"line":22,"column":8},"end":{"line":28,"column":null}},"1":{"start":{"line":32,"column":8},"end":{"line":73,"column":null}},"2":{"start":{"line":34,"column":28},"end":{"line":71,"column":null}},"3":{"start":{"line":46,"column":32},"end":{"line":47,"column":null}},"4":{"start":{"line":51,"column":38},"end":{"line":69,"column":26}},"5":{"start":{"line":61,"column":40},"end":{"line":65,"column":null}},"6":{"start":{"line":75,"column":4},"end":{"line":75,"column":null}}},"fnMap":{"0":{"name":"buildPlanning","decl":{"start":{"line":11,"column":16},"end":{"line":11,"column":null}},"loc":{"start":{"line":19,"column":19},"end":{"line":77,"column":null}},"line":19},"1":{"name":"(anonymous_1)","decl":{"start":{"line":32,"column":34},"end":{"line":32,"column":null}},"loc":{"start":{"line":34,"column":28},"end":{"line":71,"column":null}},"line":34},"2":{"name":"(anonymous_2)","decl":{"start":{"line":42,"column":25},"end":{"line":42,"column":null}},"loc":{"start":{"line":46,"column":32},"end":{"line":47,"column":null}},"line":46},"3":{"name":"(anonymous_3)","decl":{"start":{"line":51,"column":25},"end":{"line":51,"column":29}},"loc":{"start":{"line":51,"column":38},"end":{"line":69,"column":26}},"line":51},"4":{"name":"(anonymous_4)","decl":{"start":{"line":57,"column":45},"end":{"line":57,"column":null}},"loc":{"start":{"line":61,"column":40},"end":{"line":65,"column":null}},"line":61}},"branchMap":{"0":{"loc":{"start":{"line":61,"column":40},"end":{"line":65,"column":null}},"type":"binary-expr","locations":[{"start":{"line":61,"column":40},"end":{"line":62,"column":null}},{"start":{"line":64,"column":40},"end":{"line":65,"column":null}}],"line":61}},"s":{"0":6,"1":6,"2":12,"3":72,"4":36,"5":12,"6":6},"f":{"0":6,"1":12,"2":72,"3":36,"4":12},"b":{"0":[12,6]},"meta":{"lastBranch":1,"lastFunction":5,"lastStatement":7,"seen":{"f:11:16:11:Infinity":0,"s:22:8:28:Infinity":0,"s:32:8:73:Infinity":1,"f:32:34:32:Infinity":1,"s:34:28:71:Infinity":2,"f:42:25:42:Infinity":2,"s:46:32:47:Infinity":3,"f:51:25:51:29":3,"s:51:38:69:26":4,"f:57:45:57:Infinity":4,"s:61:40:65:Infinity":5,"b:61:40:62:Infinity:64:40:65:Infinity":0,"s:75:4:75:Infinity":6},"fnNames":{}}}
,"C:\\Users\\BENTOLU\\.vscode\\DartsLiveBookin\\DartsLiveBookin\\src\\core\\reservation-engine\\reservation-slot-builder.ts": {"path":"C:\\Users\\BENTOLU\\.vscode\\DartsLiveBookin\\DartsLiveBookin\\src\\core\\reservation-engine\\reservation-slot-builder.ts","statementMap":{"0":{"start":{"line":16,"column":37},"end":{"line":16,"column":null}},"1":{"start":{"line":19,"column":8},"end":{"line":19,"column":null}},"2":{"start":{"line":22,"column":8},"end":{"line":22,"column":null}},"3":{"start":{"line":24,"column":4},"end":{"line":52,"column":null}},"4":{"start":{"line":26,"column":22},"end":{"line":26,"column":null}},"5":{"start":{"line":28,"column":8},"end":{"line":50,"column":null}},"6":{"start":{"line":34,"column":12},"end":{"line":46,"column":null}},"7":{"start":{"line":48,"column":12},"end":{"line":48,"column":null}},"8":{"start":{"line":54,"column":4},"end":{"line":54,"column":null}}},"fnMap":{"0":{"name":"buildReservationSlots","decl":{"start":{"line":11,"column":16},"end":{"line":11,"column":null}},"loc":{"start":{"line":14,"column":21},"end":{"line":56,"column":null}},"line":14}},"branchMap":{},"s":{"0":11,"1":11,"2":11,"3":11,"4":18,"5":18,"6":52,"7":52,"8":11},"f":{"0":11},"b":{},"meta":{"lastBranch":0,"lastFunction":1,"lastStatement":9,"seen":{"f:11:16:11:Infinity":0,"s:16:37:16:Infinity":0,"s:19:8:19:Infinity":1,"s:22:8:22:Infinity":2,"s:24:4:52:Infinity":3,"s:26:22:26:Infinity":4,"s:28:8:50:Infinity":5,"s:34:12:46:Infinity":6,"s:48:12:48:Infinity":7,"s:54:4:54:Infinity":8},"fnNames":{}}}
,"C:\\Users\\BENTOLU\\.vscode\\DartsLiveBookin\\DartsLiveBookin\\src\\core\\reservation-engine\\model\\opening-hours.ts": {"path":"C:\\Users\\BENTOLU\\.vscode\\DartsLiveBookin\\DartsLiveBookin\\src\\core\\reservation-engine\\model\\opening-hours.ts","statementMap":{},"fnMap":{},"branchMap":{},"s":{},"f":{},"b":{},"meta":{"lastBranch":0,"lastFunction":0,"lastStatement":0,"seen":{},"fnNames":{}}}
,"C:\\Users\\BENTOLU\\.vscode\\DartsLiveBookin\\DartsLiveBookin\\src\\core\\reservation-engine\\model\\planning-board.ts": {"path":"C:\\Users\\BENTOLU\\.vscode\\DartsLiveBookin\\DartsLiveBookin\\src\\core\\reservation-engine\\model\\planning-board.ts","statementMap":{},"fnMap":{},"branchMap":{},"s":{},"f":{},"b":{},"meta":{"lastBranch":0,"lastFunction":0,"lastStatement":0,"seen":{},"fnNames":{}}}
,"C:\\Users\\BENTOLU\\.vscode\\DartsLiveBookin\\DartsLiveBookin\\src\\core\\reservation-engine\\model\\reservation-slot.ts": {"path":"C:\\Users\\BENTOLU\\.vscode\\DartsLiveBookin\\DartsLiveBookin\\src\\core\\reservation-engine\\model\\reservation-slot.ts","statementMap":{},"fnMap":{},"branchMap":{},"s":{},"f":{},"b":{},"meta":{"lastBranch":0,"lastFunction":0,"lastStatement":0,"seen":{},"fnNames":{}}}
,"C:\\Users\\BENTOLU\\.vscode\\DartsLiveBookin\\DartsLiveBookin\\src\\core\\reservation-engine\\model\\reservation.ts": {"path":"C:\\Users\\BENTOLU\\.vscode\\DartsLiveBookin\\DartsLiveBookin\\src\\core\\reservation-engine\\model\\reservation.ts","statementMap":{},"fnMap":{},"branchMap":{},"s":{},"f":{},"b":{},"meta":{"lastBranch":0,"lastFunction":0,"lastStatement":0,"seen":{},"fnNames":{}}}
}
